{
  "RSpec": {
    "coverage": {
      "/Users/Nat/Projects/makersBnB/app.rb": [
        1,
        null,
        1,
        1,
        1,
        1,
        1,
        null,
        null,
        4,
        null,
        1,
        1,
        1,
        1,
        1,
        1,
        1,
        null,
        1,
        0,
        null,
        null,
        1,
        4,
        4,
        null,
        null,
        1,
        null,
        null
      ],
      "/Users/Nat/Projects/makersBnB/app/helpers/session_helpers.rb": [
        1,
        null,
        1,
        3,
        null,
        null,
        1,
        0,
        null,
        null,
        1,
        4,
        null,
        3,
        null,
        null,
        null
      ],
      "/Users/Nat/Projects/makersBnB/app/controllers/init.rb": [
        1,
        1,
        1
      ],
      "/Users/Nat/Projects/makersBnB/app/controllers/user.rb": [
        null,
        1,
        null,
        1,
        1,
        null,
        null,
        1,
        1,
        null,
        null,
        null,
        null,
        1,
        1,
        null,
        null,
        1,
        6,
        null,
        null,
        1,
        4,
        4,
        4,
        2,
        2,
        null,
        2,
        2,
        null,
        null,
        null,
        1,
        9,
        9,
        9,
        null,
        null,
        1,
        1,
        1,
        1,
        null,
        null,
        null
      ],
      "/Users/Nat/Projects/makersBnB/app/controllers/booking.rb": [
        null,
        1,
        null,
        1,
        1,
        1,
        null,
        1,
        null,
        null
      ],
      "/Users/Nat/Projects/makersBnB/app/controllers/property.rb": [
        null,
        1,
        null,
        1,
        3,
        3,
        null,
        null,
        1,
        3,
        3,
        null,
        null,
        1,
        1,
        1,
        1,
        null,
        null,
        1,
        1,
        1,
        1,
        null,
        null,
        1,
        1,
        1,
        1,
        null,
        null,
        null
      ],
      "/Users/Nat/Projects/makersBnB/app/models/booking.rb": [
        1,
        null,
        1,
        1,
        1,
        null
      ],
      "/Users/Nat/Projects/makersBnB/app/models/property.rb": [
        1,
        null,
        1,
        1,
        1,
        null
      ],
      "/Users/Nat/Projects/makersBnB/app/models/user.rb": [
        1,
        1,
        1,
        1,
        1,
        1,
        null,
        1,
        null,
        1,
        0,
        null,
        null,
        1,
        1,
        null
      ],
      "/Users/Nat/Projects/makersBnB/spec/setup_test_database.rb": [
        1,
        null,
        1,
        10,
        10,
        null
      ],
      "/Users/Nat/Projects/makersBnB/spec/features/web_helper.rb": [
        1,
        1,
        null,
        null,
        1,
        1,
        null,
        null,
        1,
        0,
        null,
        0,
        null
      ],
      "/Users/Nat/Projects/makersBnB/spec/features/creating_listing_spec.rb": [
        1,
        1,
        1,
        1,
        null,
        1,
        1,
        1,
        1,
        null,
        1,
        1,
        1,
        1,
        null,
        1,
        1,
        null,
        null,
        1,
        1,
        null,
        1,
        1,
        1,
        1,
        null,
        1,
        1,
        1,
        1,
        null,
        1,
        1,
        1,
        1,
        1,
        null,
        1,
        1,
        null,
        null
      ],
      "/Users/Nat/Projects/makersBnB/spec/features/edit_and_delete_listing_spec.rb": [
        1,
        1,
        1,
        1,
        null,
        1,
        1,
        null,
        1,
        1,
        1,
        1,
        null,
        1,
        1,
        null,
        null,
        1,
        1,
        1,
        1,
        1,
        1,
        null,
        null
      ],
      "/Users/Nat/Projects/makersBnB/spec/features/test_spec.rb": [
        null,
        null,
        null,
        null,
        null,
        null,
        null
      ],
      "/Users/Nat/Projects/makersBnB/spec/features/user_authentication_spec.rb": [
        1,
        1,
        1,
        null,
        1,
        1,
        1,
        1,
        null,
        1,
        null,
        null,
        1,
        1,
        null,
        1,
        1,
        1,
        1,
        null,
        1,
        1,
        null,
        null,
        1,
        1,
        null,
        1,
        1,
        1,
        1,
        null,
        1,
        1,
        null,
        null,
        1,
        1,
        null,
        1,
        1,
        1,
        1,
        null,
        1,
        null,
        1,
        1,
        null,
        null
      ],
      "/Users/Nat/Projects/makersBnB/spec/features/user_requests_property_spec.rb": [
        1,
        1,
        1,
        1,
        1,
        null,
        1,
        1,
        1,
        1,
        null,
        null,
        null
      ],
      "/Users/Nat/Projects/makersBnB/spec/features/user_signup_spec.rb": [
        1,
        1,
        1,
        1,
        1,
        1,
        1,
        null,
        1,
        null,
        null
      ]
    },
    "timestamp": 1571741068
  }
}
